[debug] [2022-08-09T06:12:41.190Z] ----------------------------------------------------------------------
[debug] [2022-08-09T06:12:41.192Z] Command:       /usr/local/bin/firebase /Users/slate/.cache/firebase/tools/lib/node_modules/firebase-tools/lib/bin/firebase deploy
[debug] [2022-08-09T06:12:41.192Z] CLI Version:   10.9.2
[debug] [2022-08-09T06:12:41.192Z] Platform:      darwin
[debug] [2022-08-09T06:12:41.192Z] Node Version:  v12.18.1
[debug] [2022-08-09T06:12:41.193Z] Time:          Tue Aug 09 2022 02:12:41 GMT-0400 (Eastern Daylight Time)
[debug] [2022-08-09T06:12:41.193Z] ----------------------------------------------------------------------
[debug] 
[debug] [2022-08-09T06:12:41.239Z] > command requires scopes: ["email","openid","https://www.googleapis.com/auth/cloudplatformprojects.readonly","https://www.googleapis.com/auth/firebase","https://www.googleapis.com/auth/cloud-platform"]
[debug] [2022-08-09T06:12:41.239Z] > authorizing via signed-in user (postmoderncode@gmail.com)
[debug] [2022-08-09T06:12:41.239Z] [iam] checking project skillresults-demo for permissions ["firebase.projects.get","firebasehosting.sites.update"]
[debug] [2022-08-09T06:12:41.240Z] > refreshing access token with scopes: []
[debug] [2022-08-09T06:12:41.240Z] >>> HTTP REQUEST POST https://www.googleapis.com/oauth2/v3/token  
 <request body omitted>
[debug] [2022-08-09T06:12:41.615Z] <<< HTTP RESPONSE 200 {"expires":"Mon, 01 Jan 1990 00:00:00 GMT","date":"Tue, 09 Aug 2022 06:12:41 GMT","cache-control":"no-cache, no-store, max-age=0, must-revalidate","pragma":"no-cache","content-type":"application/json; charset=utf-8","vary":"X-Origin, Referer, Origin,Accept-Encoding","server":"scaffolding on HTTPServer2","x-xss-protection":"0","x-frame-options":"SAMEORIGIN","x-content-type-options":"nosniff","alt-svc":"h3=\":443\"; ma=2592000,h3-29=\":443\"; ma=2592000,h3-Q050=\":443\"; ma=2592000,h3-Q046=\":443\"; ma=2592000,h3-Q043=\":443\"; ma=2592000,quic=\":443\"; ma=2592000; v=\"46,43\"","accept-ranges":"none","transfer-encoding":"chunked"}
[debug] [2022-08-09T06:12:41.670Z] >>> [apiv2][query] POST https://cloudresourcemanager.googleapis.com/v1/projects/skillresults-demo:testIamPermissions [none]
[debug] [2022-08-09T06:12:41.670Z] >>> [apiv2][body] POST https://cloudresourcemanager.googleapis.com/v1/projects/skillresults-demo:testIamPermissions {"permissions":["firebase.projects.get","firebasehosting.sites.update"]}
[debug] [2022-08-09T06:12:41.951Z] <<< [apiv2][status] POST https://cloudresourcemanager.googleapis.com/v1/projects/skillresults-demo:testIamPermissions 200
[debug] [2022-08-09T06:12:41.952Z] <<< [apiv2][body] POST https://cloudresourcemanager.googleapis.com/v1/projects/skillresults-demo:testIamPermissions {}
[debug] [2022-08-09T06:12:41.952Z] [iam] error while checking permissions, command may fail: FirebaseError: Authorization failed. This account is missing the following required permissions on project skillresults-demo:

  firebase.projects.get
  firebasehosting.sites.update
[debug] [2022-08-09T06:12:41.953Z] >>> [apiv2][query] GET https://firebase.googleapis.com/v1beta1/projects/skillresults-demo [none]
[debug] [2022-08-09T06:12:42.250Z] <<< [apiv2][status] GET https://firebase.googleapis.com/v1beta1/projects/skillresults-demo 403
[debug] [2022-08-09T06:12:42.251Z] <<< [apiv2][body] GET https://firebase.googleapis.com/v1beta1/projects/skillresults-demo {"error":{"code":403,"message":"The caller does not have permission","status":"PERMISSION_DENIED"}}
[debug] [2022-08-09T06:12:42.251Z] HTTP Error: 403, The caller does not have permission
[debug] [2022-08-09T06:12:42.577Z] FirebaseError: HTTP Error: 403, The caller does not have permission
    at module.exports (/Users/slate/.cache/firebase/tools/lib/node_modules/firebase-tools/lib/responseToError.js:47:12)
    at RetryOperation._fn (/Users/slate/.cache/firebase/tools/lib/node_modules/firebase-tools/lib/apiv2.js:286:39)
    at processTicksAndRejections (internal/process/task_queues.js:97:5)
[error] 
[error] Error: Failed to get Firebase project skillresults-demo. Please make sure the project exists and your account has permission to access it.
